<?xml version="1.0" encoding="UTF-8"?>
<!-- Generated by org.testng.reporters.JUnitXMLReporter -->
<testsuite ignored="0" hostname="DESKTOP-D29FH98" failures="1" tests="5" name="OpenCartTest" time="53.169" errors="0" timestamp="2023-08-26T12:16:38 IST">
  <testcase classname="testCases.TC_003_LoginDDT" name="test_LoginDDT" time="2.984"/>
  <testcase classname="testCases.TC_003_LoginDDT" name="test_LoginDDT" time="11.265"/>
  <testcase classname="testCases.TC_003_LoginDDT" name="test_LoginDDT" time="1.435">
    <failure type="java.lang.AssertionError" message="null">
      <![CDATA[java.lang.AssertionError: null
at testCases.TC_003_LoginDDT.test_LoginDDT(TC_003_LoginDDT.java:66)
at java.base/java.util.ArrayList.forEach(ArrayList.java:1511)
... Removed 29 stack frames]]>
    </failure>
  </testcase> <!-- test_LoginDDT -->
  <testcase classname="testCases.TC_003_LoginDDT" name="test_LoginDDT" time="11.048"/>
  <testcase classname="testCases.TC_003_LoginDDT" name="test_LoginDDT" time="2.541"/>
</testsuite> <!-- OpenCartTest -->
